current directory: /Users/takahashimasashi/Desktop/tm_travel/bundler/ruby/3.0.0/gems/bcrypt-3.1.19/ext/mri
/Users/takahashimasashi/.rbenv/versions/3.0.6/bin/ruby -I /Users/takahashimasashi/.rbenv/versions/3.0.6/lib/ruby/3.0.0 -r ./siteconf20230630-78030-2jqwua.rb extconf.rb
creating Makefile

current directory: /Users/takahashimasashi/Desktop/tm_travel/bundler/ruby/3.0.0/gems/bcrypt-3.1.19/ext/mri
make DESTDIR\= clean

current directory: /Users/takahashimasashi/Desktop/tm_travel/bundler/ruby/3.0.0/gems/bcrypt-3.1.19/ext/mri
make DESTDIR\=
compiling bcrypt_ext.c
bcrypt_ext.c:41:38: warning: implicit conversion loses integer precision: 'long' to 'int' [-Wshorten-64-to-32]
    args.size   = NIL_P(input) ? 0 : RSTRING_LEN(input);
                ~                    ^~~~~~~~~~~~~~~~~~
/Users/takahashimasashi/.rbenv/versions/3.0.6/include/ruby-3.0.0/ruby/internal/core/rstring.h:44:27: note: expanded from macro 'RSTRING_LEN'
#define RSTRING_LEN       RSTRING_LEN
                          ^
1 warning generated.
compiling crypt_blowfish.c
clang -fdeclspec  -D__SKIP_GNU -I/Users/takahashimasashi/.rbenv/versions/3.0.6/include  -D_XOPEN_SOURCE -D_DARWIN_C_SOURCE -D_DARWIN_UNLIMITED_SELECT -D_REENTRANT    -c -o x86.o x86.S
compiling crypt_gensalt.c
compiling wrapper.c
wrapper.c:182:60: warning: declaration of 'struct crypt_data' will not be visible outside of this function [-Wvisibility]
char *crypt_r(const char *key, const char *setting, struct crypt_data *data)
                                                           ^
1 warning generated.
linking shared-object bcrypt_ext.bundle

current directory: /Users/takahashimasashi/Desktop/tm_travel/bundler/ruby/3.0.0/gems/bcrypt-3.1.19/ext/mri
make DESTDIR\= install
/usr/bin/install -c -m 0755 bcrypt_ext.bundle ./.gem.20230630-78030-kiwbom
